# JRE version: Java(TM) SE Runtime Environment (7.0_76-b13) (build 1.7.0_76-b13)
# Java VM: Java HotSpot(TM) 64-Bit Server VM (24.76-b04 mixed mode windows-amd64 compressed oops)
Heap
 PSYoungGen      total 972288K, used 218033K [0x00000007c1800000, 0x0000000800000000, 0x0000000800000000)
  eden space 844288K, 21% used [0x00000007c1800000,0x00000007ccc08678,0x00000007f5080000)
  from space 128000K, 26% used [0x00000007f8300000,0x00000007fa3e4088,0x0000000800000000)
  to   space 51712K, 0% used [0x00000007f5080000,0x00000007f5080000,0x00000007f8300000)
 ParOldGen       total 2048000K, used 4280K [0x0000000744800000, 0x00000007c1800000, 0x00000007c1800000)
  object space 2048000K, 0% used [0x0000000744800000,0x0000000744c2e1b0,0x00000007c1800000)
 PSPermGen       total 36352K, used 19068K [0x000000073f600000, 0x0000000741980000, 0x0000000744800000)
  object space 36352K, 52% used [0x000000073f600000,0x000000074089f1f8,0x0000000741980000)
GC Heap History (10 events):
Event: 9.160 GC heap before
{Heap before GC invocations=3 (full 1):
 PSYoungGen      total 896000K, used 768000K [0x00000007c1800000, 0x0000000800000000, 0x0000000800000000)
  eden space 768000K, 100% used [0x00000007c1800000,0x00000007f0600000,0x00000007f0600000)
  from space 128000K, 0% used [0x00000007f0600000,0x00000007f0600000,0x00000007f8300000)
  to   space 128000K, 0% used [0x00000007f8300000,0x00000007f8300000,0x0000000800000000)
 ParOldGen       total 2048000K, used 4264K [0x0000000744800000, 0x00000007c1800000, 0x00000007c1800000)
  object space 2048000K, 0% used [0x0000000744800000,0x0000000744c2a198,0x00000007c1800000)
 PSPermGen       total 36352K, used 18813K [0x000000073f600000, 0x0000000741980000, 0x0000000744800000)
  object space 36352K, 51% used [0x000000073f600000,0x000000074085f428,0x0000000741980000)
Event: 9.170 GC heap after
Heap after GC invocations=3 (full 1):
 PSYoungGen      total 896000K, used 34570K [0x00000007c1800000, 0x0000000800000000, 0x0000000800000000)
  eden space 768000K, 0% used [0x00000007c1800000,0x00000007c1800000,0x00000007f0600000)
  from space 128000K, 27% used [0x00000007f8300000,0x00000007fa4c2bc8,0x0000000800000000)
  to   space 128000K, 0% used [0x00000007f0600000,0x00000007f0600000,0x00000007f8300000)
 ParOldGen       total 2048000K, used 4272K [0x0000000744800000, 0x00000007c1800000, 0x00000007c1800000)
  object space 2048000K, 0% used [0x0000000744800000,0x0000000744c2c198,0x00000007c1800000)
 PSPermGen       total 36352K, used 18813K [0x000000073f600000, 0x0000000741980000, 0x0000000744800000)
  object space 36352K, 51% used [0x000000073f600000,0x000000074085f428,0x0000000741980000)
}
Event: 9.944 GC heap before
{Heap before GC invocations=4 (full 1):
 PSYoungGen      total 896000K, used 802570K [0x00000007c1800000, 0x0000000800000000, 0x0000000800000000)
  eden space 768000K, 100% used [0x00000007c1800000,0x00000007f0600000,0x00000007f0600000)
  from space 128000K, 27% used [0x00000007f8300000,0x00000007fa4c2bc8,0x0000000800000000)
  to   space 128000K, 0% used [0x00000007f0600000,0x00000007f0600000,0x00000007f8300000)
 ParOldGen       total 2048000K, used 4272K [0x0000000744800000, 0x00000007c1800000, 0x00000007c1800000)
  object space 2048000K, 0% used [0x0000000744800000,0x0000000744c2c198,0x00000007c1800000)
 PSPermGen       total 36352K, used 18909K [0x000000073f600000, 0x0000000741980000, 0x0000000744800000)
  object space 36352K, 52% used [0x000000073f600000,0x0000000740877500,0x0000000741980000)
Event: 9.953 GC heap after
Heap after GC invocations=4 (full 1):
 PSYoungGen      total 896000K, used 34046K [0x00000007c1800000, 0x0000000800000000, 0x0000000800000000)
  eden space 768000K, 0% used [0x00000007c1800000,0x00000007c1800000,0x00000007f0600000)
  from space 128000K, 26% used [0x00000007f0600000,0x00000007f273f858,0x00000007f8300000)
  to   space 128000K, 0% used [0x00000007f8300000,0x00000007f8300000,0x0000000800000000)
 ParOldGen       total 2048000K, used 4272K [0x0000000744800000, 0x00000007c1800000, 0x00000007c1800000)
  object space 2048000K, 0% used [0x0000000744800000,0x0000000744c2c198,0x00000007c1800000)
 PSPermGen       total 36352K, used 18909K [0x000000073f600000, 0x0000000741980000, 0x0000000744800000)
  object space 36352K, 52% used [0x000000073f600000,0x0000000740877500,0x0000000741980000)
}
Event: 10.706 GC heap before
{Heap before GC invocations=5 (full 1):
 PSYoungGen      total 896000K, used 802046K [0x00000007c1800000, 0x0000000800000000, 0x0000000800000000)
  eden space 768000K, 100% used [0x00000007c1800000,0x00000007f0600000,0x00000007f0600000)
  from space 128000K, 26% used [0x00000007f0600000,0x00000007f273f858,0x00000007f8300000)
  to   space 128000K, 0% used [0x00000007f8300000,0x00000007f8300000,0x0000000800000000)
 ParOldGen       total 2048000K, used 4272K [0x0000000744800000, 0x00000007c1800000, 0x00000007c1800000)
  object space 2048000K, 0% used [0x0000000744800000,0x0000000744c2c198,0x00000007c1800000)
 PSPermGen       total 36352K, used 18978K [0x000000073f600000, 0x0000000741980000, 0x0000000744800000)
  object space 36352K, 52% used [0x000000073f600000,0x0000000740888928,0x0000000741980000)
Event: 10.713 GC heap after
Heap after GC invocations=5 (full 1):
 PSYoungGen      total 896000K, used 35033K [0x00000007c1800000, 0x0000000800000000, 0x0000000800000000)
  eden space 768000K, 0% used [0x00000007c1800000,0x00000007c1800000,0x00000007f0600000)
  from space 128000K, 27% used [0x00000007f8300000,0x00000007fa536628,0x0000000800000000)
  to   space 128000K, 0% used [0x00000007f0600000,0x00000007f0600000,0x00000007f8300000)
 ParOldGen       total 2048000K, used 4280K [0x0000000744800000, 0x00000007c1800000, 0x00000007c1800000)
  object space 2048000K, 0% used [0x0000000744800000,0x0000000744c2e198,0x00000007c1800000)
 PSPermGen       total 36352K, used 18978K [0x000000073f600000, 0x0000000741980000, 0x0000000744800000)
  object space 36352K, 52% used [0x000000073f600000,0x0000000740888928,0x0000000741980000)
}
Event: 11.426 GC heap before
{Heap before GC invocations=6 (full 1):
 PSYoungGen      total 896000K, used 803033K [0x00000007c1800000, 0x0000000800000000, 0x0000000800000000)
  eden space 768000K, 100% used [0x00000007c1800000,0x00000007f0600000,0x00000007f0600000)
  from space 128000K, 27% used [0x00000007f8300000,0x00000007fa536628,0x0000000800000000)
  to   space 128000K, 0% used [0x00000007f0600000,0x00000007f0600000,0x00000007f8300000)
 ParOldGen       total 2048000K, used 4280K [0x0000000744800000, 0x00000007c1800000, 0x00000007c1800000)
  object space 2048000K, 0% used [0x0000000744800000,0x0000000744c2e198,0x00000007c1800000)
 PSPermGen       total 36352K, used 19032K [0x000000073f600000, 0x0000000741980000, 0x0000000744800000)
  object space 36352K, 52% used [0x000000073f600000,0x0000000740896350,0x0000000741980000)
Event: 11.433 GC heap after
Heap after GC invocations=6 (full 1):
 PSYoungGen      total 896000K, used 35280K [0x00000007c1800000, 0x0000000800000000, 0x0000000800000000)
  eden space 768000K, 0% used [0x00000007c1800000,0x00000007c1800000,0x00000007f0600000)
  from space 128000K, 27% used [0x00000007f0600000,0x00000007f2874340,0x00000007f8300000)
  to   space 128000K, 0% used [0x00000007f8300000,0x00000007f8300000,0x0000000800000000)
 ParOldGen       total 2048000K, used 4280K [0x0000000744800000, 0x00000007c1800000, 0x00000007c1800000)
  object space 2048000K, 0% used [0x0000000744800000,0x0000000744c2e198,0x00000007c1800000)
 PSPermGen       total 36352K, used 19032K [0x000000073f600000, 0x0000000741980000, 0x0000000744800000)
  object space 36352K, 52% used [0x000000073f600000,0x0000000740896350,0x0000000741980000)
}
Event: 12.117 GC heap before
{Heap before GC invocations=7 (full 1):
 PSYoungGen      total 896000K, used 803280K [0x00000007c1800000, 0x0000000800000000, 0x0000000800000000)
  eden space 768000K, 100% used [0x00000007c1800000,0x00000007f0600000,0x00000007f0600000)
  from space 128000K, 27% used [0x00000007f0600000,0x00000007f2874340,0x00000007f8300000)
  to   space 128000K, 0% used [0x00000007f8300000,0x00000007f8300000,0x0000000800000000)
 ParOldGen       total 2048000K, used 4280K [0x0000000744800000, 0x00000007c1800000, 0x00000007c1800000)
  object space 2048000K, 0% used [0x0000000744800000,0x0000000744c2e1b0,0x00000007c1800000)
 PSPermGen       total 36352K, used 19062K [0x000000073f600000, 0x0000000741980000, 0x0000000744800000)
  object space 36352K, 52% used [0x000000073f600000,0x000000074089db08,0x0000000741980000)
Event: 12.123 GC heap after
Heap after GC invocations=7 (full 1):
 PSYoungGen      total 972288K, used 33680K [0x00000007c1800000, 0x0000000800000000, 0x0000000800000000)
  eden space 844288K, 0% used [0x00000007c1800000,0x00000007c1800000,0x00000007f5080000)
  from space 128000K, 26% used [0x00000007f8300000,0x00000007fa3e4088,0x0000000800000000)
  to   space 51712K, 0% used [0x00000007f5080000,0x00000007f5080000,0x00000007f8300000)
 ParOldGen       total 2048000K, used 4280K [0x0000000744800000, 0x00000007c1800000, 0x00000007c1800000)
  object space 2048000K, 0% used [0x0000000744800000,0x0000000744c2e1b0,0x00000007c1800000)
 PSPermGen       total 36352K, used 19062K [0x000000073f600000, 0x0000000741980000, 0x0000000744800000)
  object space 36352K, 52% used [0x000000073f600000,0x000000074089db08,0x0000000741980000)
}

