# JRE version: Java(TM) SE Runtime Environment (7.0_76-b13) (build 1.7.0_76-b13)
# Java VM: Java HotSpot(TM) 64-Bit Server VM (24.76-b04 mixed mode windows-amd64 compressed oops)
Heap
 PSYoungGen      total 1015296K, used 112423K [0x00000007c1800000, 0x0000000800000000, 0x0000000800000000)
  eden space 1006592K, 10% used [0x00000007c1800000,0x00000007c7ebc2b0,0x00000007fef00000)
  from space 8704K, 82% used [0x00000007ff780000,0x00000007ffe8dd00,0x0000000800000000)
  to   space 8704K, 0% used [0x00000007fef00000,0x00000007fef00000,0x00000007ff780000)
 ParOldGen       total 2048000K, used 78645K [0x0000000744800000, 0x00000007c1800000, 0x00000007c1800000)
  object space 2048000K, 3% used [0x0000000744800000,0x00000007494cd558,0x00000007c1800000)
 PSPermGen       total 36352K, used 19641K [0x000000073f600000, 0x0000000741980000, 0x0000000744800000)
  object space 36352K, 54% used [0x000000073f600000,0x000000074092e438,0x0000000741980000)
GC Heap History (10 events):
Event: 91.071 GC heap before
{Heap before GC invocations=63 (full 1):
 PSYoungGen      total 1014784K, used 1012599K [0x00000007c1800000, 0x0000000800000000, 0x0000000800000000)
  eden space 1005568K, 100% used [0x00000007c1800000,0x00000007fee00000,0x00000007fee00000)
  from space 9216K, 76% used [0x00000007fee00000,0x00000007ff4ddca0,0x00000007ff700000)
  to   space 9216K, 0% used [0x00000007ff700000,0x00000007ff700000,0x0000000800000000)
 ParOldGen       total 2048000K, used 78613K [0x0000000744800000, 0x00000007c1800000, 0x00000007c1800000)
  object space 2048000K, 3% used [0x0000000744800000,0x00000007494c5558,0x00000007c1800000)
 PSPermGen       total 36352K, used 19631K [0x000000073f600000, 0x0000000741980000, 0x0000000744800000)
  object space 36352K, 54% used [0x000000073f600000,0x000000074092bda0,0x0000000741980000)
Event: 91.073 GC heap after
Heap after GC invocations=63 (full 1):
 PSYoungGen      total 1014784K, used 7219K [0x00000007c1800000, 0x0000000800000000, 0x0000000800000000)
  eden space 1005568K, 0% used [0x00000007c1800000,0x00000007c1800000,0x00000007fee00000)
  from space 9216K, 78% used [0x00000007ff700000,0x00000007ffe0cc40,0x0000000800000000)
  to   space 9216K, 0% used [0x00000007fee00000,0x00000007fee00000,0x00000007ff700000)
 ParOldGen       total 2048000K, used 78613K [0x0000000744800000, 0x00000007c1800000, 0x00000007c1800000)
  object space 2048000K, 3% used [0x0000000744800000,0x00000007494c5558,0x00000007c1800000)
 PSPermGen       total 36352K, used 19631K [0x000000073f600000, 0x0000000741980000, 0x0000000744800000)
  object space 36352K, 54% used [0x000000073f600000,0x000000074092bda0,0x0000000741980000)
}
Event: 92.225 GC heap before
{Heap before GC invocations=64 (full 1):
 PSYoungGen      total 1014784K, used 1012787K [0x00000007c1800000, 0x0000000800000000, 0x0000000800000000)
  eden space 1005568K, 100% used [0x00000007c1800000,0x00000007fee00000,0x00000007fee00000)
  from space 9216K, 78% used [0x00000007ff700000,0x00000007ffe0cc40,0x0000000800000000)
  to   space 9216K, 0% used [0x00000007fee00000,0x00000007fee00000,0x00000007ff700000)
 ParOldGen       total 2048000K, used 78613K [0x0000000744800000, 0x00000007c1800000, 0x00000007c1800000)
  object space 2048000K, 3% used [0x0000000744800000,0x00000007494c5558,0x00000007c1800000)
 PSPermGen       total 36352K, used 19633K [0x000000073f600000, 0x0000000741980000, 0x0000000744800000)
  object space 36352K, 54% used [0x000000073f600000,0x000000074092c410,0x0000000741980000)
Event: 92.227 GC heap after
Heap after GC invocations=64 (full 1):
 PSYoungGen      total 1014784K, used 6963K [0x00000007c1800000, 0x0000000800000000, 0x0000000800000000)
  eden space 1005568K, 0% used [0x00000007c1800000,0x00000007c1800000,0x00000007fee00000)
  from space 9216K, 75% used [0x00000007fee00000,0x00000007ff4ccc40,0x00000007ff700000)
  to   space 8704K, 0% used [0x00000007ff780000,0x00000007ff780000,0x0000000800000000)
 ParOldGen       total 2048000K, used 78621K [0x0000000744800000, 0x00000007c1800000, 0x00000007c1800000)
  object space 2048000K, 3% used [0x0000000744800000,0x00000007494c7558,0x00000007c1800000)
 PSPermGen       total 36352K, used 19633K [0x000000073f600000, 0x0000000741980000, 0x0000000744800000)
  object space 36352K, 54% used [0x000000073f600000,0x000000074092c410,0x0000000741980000)
}
Event: 93.371 GC heap before
{Heap before GC invocations=65 (full 1):
 PSYoungGen      total 1014784K, used 1012531K [0x00000007c1800000, 0x0000000800000000, 0x0000000800000000)
  eden space 1005568K, 100% used [0x00000007c1800000,0x00000007fee00000,0x00000007fee00000)
  from space 9216K, 75% used [0x00000007fee00000,0x00000007ff4ccc40,0x00000007ff700000)
  to   space 8704K, 0% used [0x00000007ff780000,0x00000007ff780000,0x0000000800000000)
 ParOldGen       total 2048000K, used 78621K [0x0000000744800000, 0x00000007c1800000, 0x00000007c1800000)
  object space 2048000K, 3% used [0x0000000744800000,0x00000007494c7558,0x00000007c1800000)
 PSPermGen       total 36352K, used 19635K [0x000000073f600000, 0x0000000741980000, 0x0000000744800000)
  object space 36352K, 54% used [0x000000073f600000,0x000000074092cc00,0x0000000741980000)
Event: 93.373 GC heap after
Heap after GC invocations=65 (full 1):
 PSYoungGen      total 1015296K, used 6425K [0x00000007c1800000, 0x0000000800000000, 0x0000000800000000)
  eden space 1006592K, 0% used [0x00000007c1800000,0x00000007c1800000,0x00000007fef00000)
  from space 8704K, 73% used [0x00000007ff780000,0x00000007ffdc6570,0x0000000800000000)
  to   space 8704K, 0% used [0x00000007fef00000,0x00000007fef00000,0x00000007ff780000)
 ParOldGen       total 2048000K, used 78629K [0x0000000744800000, 0x00000007c1800000, 0x00000007c1800000)
  object space 2048000K, 3% used [0x0000000744800000,0x00000007494c9558,0x00000007c1800000)
 PSPermGen       total 36352K, used 19635K [0x000000073f600000, 0x0000000741980000, 0x0000000744800000)
  object space 36352K, 54% used [0x000000073f600000,0x000000074092cc00,0x0000000741980000)
}
Event: 94.523 GC heap before
{Heap before GC invocations=66 (full 1):
 PSYoungGen      total 1015296K, used 1012272K [0x00000007c1800000, 0x0000000800000000, 0x0000000800000000)
  eden space 1006592K, 99% used [0x00000007c1800000,0x00000007fee45bd8,0x00000007fef00000)
  from space 8704K, 73% used [0x00000007ff780000,0x00000007ffdc6570,0x0000000800000000)
  to   space 8704K, 0% used [0x00000007fef00000,0x00000007fef00000,0x00000007ff780000)
 ParOldGen       total 2048000K, used 78629K [0x0000000744800000, 0x00000007c1800000, 0x00000007c1800000)
  object space 2048000K, 3% used [0x0000000744800000,0x00000007494c9558,0x00000007c1800000)
 PSPermGen       total 36352K, used 19636K [0x000000073f600000, 0x0000000741980000, 0x0000000744800000)
  object space 36352K, 54% used [0x000000073f600000,0x000000074092d238,0x0000000741980000)
Event: 94.526 GC heap after
Heap after GC invocations=66 (full 1):
 PSYoungGen      total 1015296K, used 7746K [0x00000007c1800000, 0x0000000800000000, 0x0000000800000000)
  eden space 1006592K, 0% used [0x00000007c1800000,0x00000007c1800000,0x00000007fef00000)
  from space 8704K, 88% used [0x00000007fef00000,0x00000007ff690890,0x00000007ff780000)
  to   space 8704K, 0% used [0x00000007ff780000,0x00000007ff780000,0x0000000800000000)
 ParOldGen       total 2048000K, used 78637K [0x0000000744800000, 0x00000007c1800000, 0x00000007c1800000)
  object space 2048000K, 3% used [0x0000000744800000,0x00000007494cb558,0x00000007c1800000)
 PSPermGen       total 36352K, used 19636K [0x000000073f600000, 0x0000000741980000, 0x0000000744800000)
  object space 36352K, 54% used [0x000000073f600000,0x000000074092d238,0x0000000741980000)
}
Event: 95.713 GC heap before
{Heap before GC invocations=67 (full 1):
 PSYoungGen      total 1015296K, used 1014338K [0x00000007c1800000, 0x0000000800000000, 0x0000000800000000)
  eden space 1006592K, 100% used [0x00000007c1800000,0x00000007fef00000,0x00000007fef00000)
  from space 8704K, 88% used [0x00000007fef00000,0x00000007ff690890,0x00000007ff780000)
  to   space 8704K, 0% used [0x00000007ff780000,0x00000007ff780000,0x0000000800000000)
 ParOldGen       total 2048000K, used 78637K [0x0000000744800000, 0x00000007c1800000, 0x00000007c1800000)
  object space 2048000K, 3% used [0x0000000744800000,0x00000007494cb558,0x00000007c1800000)
 PSPermGen       total 36352K, used 19641K [0x000000073f600000, 0x0000000741980000, 0x0000000744800000)
  object space 36352K, 54% used [0x000000073f600000,0x000000074092e438,0x0000000741980000)
Event: 95.716 GC heap after
Heap after GC invocations=67 (full 1):
 PSYoungGen      total 1015296K, used 7223K [0x00000007c1800000, 0x0000000800000000, 0x0000000800000000)
  eden space 1006592K, 0% used [0x00000007c1800000,0x00000007c1800000,0x00000007fef00000)
  from space 8704K, 82% used [0x00000007ff780000,0x00000007ffe8dd00,0x0000000800000000)
  to   space 8704K, 0% used [0x00000007fef00000,0x00000007fef00000,0x00000007ff780000)
 ParOldGen       total 2048000K, used 78645K [0x0000000744800000, 0x00000007c1800000, 0x00000007c1800000)
  object space 2048000K, 3% used [0x0000000744800000,0x00000007494cd558,0x00000007c1800000)
 PSPermGen       total 36352K, used 19641K [0x000000073f600000, 0x0000000741980000, 0x0000000744800000)
  object space 36352K, 54% used [0x000000073f600000,0x000000074092e438,0x0000000741980000)
}

